<?xml version="1.0" encoding="UTF-8"?>
<!-- Generated by org.testng.reporters.JUnitReportReporter -->
<testsuite hostname="TYSS" failures="0" tests="1" name="testscripts.practice_TC01" time="13.904" errors="0" timestamp="2023-01-29T21:23:47 IST" skipped="0">
  <testcase classname="testscripts.practice_TC01" name="script1" time="13.904"/>
  <system-out/>
</testsuite> <!-- testscripts.practice_TC01 -->
