<?xml version="1.0" encoding="UTF-8"?>
<!-- Generated by org.testng.reporters.JUnitReportReporter -->
<testsuite hostname="TYSS" failures="0" tests="1" name="testscripts.TC01" time="124.494" errors="0" timestamp="2023-01-29T21:23:47 IST" skipped="0">
  <testcase classname="testscripts.TC01" name="script1" time="124.494"/>
  <system-out/>
</testsuite> <!-- testscripts.TC01 -->
